reset
set xrange[-4.186280785585712e+73:3.7676527070271416e+74]
set yrange[-3.056934958115341e+74:2.751241462303807e+75]
set size ratio 1.0
set title "<Name des Kennwertes>, Iteration: 100"
unset xtics
unset ytics
$data << EOD
3.7676527070271416e+74 2.751241462303807e+75 10.660048281673648 D 0
-4.186280785585712e+73 -3.056934958115341e+74 3.656366395715726 NL 1
-4.186280785585712e+73 -3.056934958115341e+74 3.2410224072142872 B 2
-4.186280785585712e+73 -3.056934958115341e+74 0.9772050238058398 L 3
-4.186280785585712e+73 -3.056934958115341e+74 13.159049284959082 F 4
-4.186280785585712e+73 -3.056934958115341e+74 3.6125759969217834 CH 5
-4.186280785585712e+73 -3.056934958115341e+74 5.170882945826411 A 6
-4.186280785585712e+73 -3.056934958115341e+74 5.014626706796775 CZ 7
-4.186280785585712e+73 -3.056934958115341e+74 9.981532666656284 PL 8
-4.186280785585712e+73 -3.056934958115341e+74 3.6996385101659595 DK 9
EOD

plot \
'$data' using 1:2:3:5 with circles lc var notitle, \
'$data' using 1:2:4:5 with labels font "arial,9" tc variable notitle